16/10/2017 17/23/26 PM Welcome to Extractor Version 1.0.. Scan started

16/10/2017 17/23/26 PM CSV File failure

16/10/2017 17/23/26 PM Could not open the image file!

16/10/2017 17/23/26 PM No data extracted for /home/rajat1401/Desktop/Extract/test/IMG-cam2.jpg

16/10/2017 17/23/26 PM STREAM 'IHDR' 16 13
16/10/2017 17/23/26 PM STREAM 'sBIT' 41 3
16/10/2017 17/23/26 PM 'sBIT' 41 3 (unknown)
16/10/2017 17/23/26 PM STREAM 'IDAT' 56 8192
16/10/2017 17/23/26 PM Could not open the image file!

16/10/2017 17/23/26 PM No data extracted for /home/rajat1401/Desktop/Extract/test/Screenshot_2.png

16/10/2017 17/23/26 PM Could not open the image file!

16/10/2017 17/23/26 PM No data extracted for /home/rajat1401/Desktop/Extract/test/IMG-cam.jpg

16/10/2017 17/23/26 PM STREAM 'IHDR' 16 13
16/10/2017 17/23/26 PM STREAM 'sBIT' 41 3
16/10/2017 17/23/26 PM 'sBIT' 41 3 (unknown)
16/10/2017 17/23/26 PM STREAM 'IDAT' 56 8192
16/10/2017 17/23/26 PM Could not open the image file!

16/10/2017 17/23/26 PM No data extracted for /home/rajat1401/Desktop/Extract/test/Screenshot_1.png

16/10/2017 17/23/26 PM Could not open the image file!

16/10/2017 17/23/26 PM No data extracted for /home/rajat1401/Desktop/Extract/test/love-story.jpg

16/10/2017 17/23/26 PM Could not open the image file!

16/10/2017 17/23/26 PM No data extracted for /home/rajat1401/Desktop/Extract/test/wp2.jpg

16/10/2017 17/23/26 PM Elapsed time: 0.134248971939

16/10/2017 17/23/26 PM Program Terminated!!!

